[main] ERROR /Users/csnowleopard/guitar/trunk/dist/guitar/iph-aut//guitar-config/configuration.xml not found!!!
[main] ERROR No configuration file. Using an empty one...
[main] INFO  Initial waiting: 100ms...
[main] INFO  Number of root windows: 1
[main] INFO  ----------------------------
[main] INFO  Ripping window: *Window 1*
[main] INFO  
[main] INFO  ----------------------------------
[main] INFO  Ripping component: 
[main] INFO  Signature: 
[main] INFO  
<FullComponent>
	<Window>
		<Attributes>
			<Property>
				<Name>Title</Name>
				<Value>Window 1</Value>
			</Property> 
		</Attributes>
	</Window>

	<Component>
		<Attributes>
			<Property>
				<Name>Title</Name>
				<Value>UIView</Value>
			</Property>

			<Property>
				<Name>Class</Name>
				<Value>UIView</Value>
			</Property>
		</Attributes>
	</Component>
</FullComponent>


[main] INFO  Component is Unexpandable
[main] INFO  
[main] INFO  ----------------------------------
[main] INFO  Ripping component: 
[main] INFO  Signature: 
[main] INFO  
<FullComponent>
	<Window>
		<Attributes>
			<Property>
				<Name>Title</Name>
				<Value>Window 1</Value>
			</Property> 
		</Attributes>
	</Window>

	<Component>
		<Attributes>
			<Property>
				<Name>Title</Name>
				<Value>UILabel</Value>
			</Property>

			<Property>
				<Name>Class</Name>
				<Value>UILabel</Value>
			</Property>
		</Attributes>
	</Component>
</FullComponent>


[main] INFO  Component is Unexpandable
[main] INFO  
[main] INFO  ----------------------------------
[main] INFO  Ripping component: 
[main] INFO  Signature: 
[main] INFO  
<FullComponent>
	<Window>
		<Attributes>
			<Property>
				<Name>Title</Name>
				<Value>Window 1</Value>
			</Property> 
		</Attributes>
	</Window>

	<Component>
		<Attributes>
			<Property>
				<Name>Title</Name>
				<Value>UILabel</Value>
			</Property>

			<Property>
				<Name>Class</Name>
				<Value>UILabel</Value>
			</Property>
		</Attributes>
	</Component>
</FullComponent>


[main] INFO  Component is Unexpandable
[main] INFO  
[main] INFO  ----------------------------------
[main] INFO  Ripping component: 
[main] INFO  Signature: 
[main] INFO  
<FullComponent>
	<Window>
		<Attributes>
			<Property>
				<Name>Title</Name>
				<Value>Window 1</Value>
			</Property> 
		</Attributes>
	</Window>

	<Component>
		<Attributes>
			<Property>
				<Name>Title</Name>
				<Value>UIRoundedRectButton</Value>
			</Property>

			<Property>
				<Name>Class</Name>
				<Value>UIRoundedRectButton</Value>
			</Property>
		</Attributes>
	</Component>
</FullComponent>


[main] INFO  Expanding *UIRoundedRectButton*...
[main] INFO  Waiting  100ms for a new window to open
[main] INFO  
[main] INFO  ----------------------------------
[main] INFO  Ripping component: 
[main] INFO  Signature: 
[main] INFO  
<FullComponent>
	<Window>
		<Attributes>
			<Property>
				<Name>Title</Name>
				<Value>Window 1</Value>
			</Property> 
		</Attributes>
	</Window>

	<Component>
		<Attributes>
			<Property>
				<Name>Title</Name>
				<Value>UIButtonLabel</Value>
			</Property>

			<Property>
				<Name>Class</Name>
				<Value>UIButtonLabel</Value>
			</Property>
		</Attributes>
	</Component>
</FullComponent>


[main] INFO  Component is Unexpandable
[main] INFO  
[main] INFO  ----------------------------------
[main] INFO  Ripping component: 
[main] INFO  Signature: 
[main] INFO  
<FullComponent>
	<Window>
		<Attributes>
			<Property>
				<Name>Title</Name>
				<Value>Window 1</Value>
			</Property> 
		</Attributes>
	</Window>

	<Component>
		<Attributes>
			<Property>
				<Name>Title</Name>
				<Value>UIRoundedRectButton</Value>
			</Property>

			<Property>
				<Name>Class</Name>
				<Value>UIRoundedRectButton</Value>
			</Property>
		</Attributes>
	</Component>
</FullComponent>


[main] INFO  Expanding *UIRoundedRectButton*...
[main] INFO  Waiting  100ms for a new window to open
[main] INFO  
[main] INFO  ----------------------------------
[main] INFO  Ripping component: 
[main] INFO  Signature: 
[main] INFO  
<FullComponent>
	<Window>
		<Attributes>
			<Property>
				<Name>Title</Name>
				<Value>Window 1</Value>
			</Property> 
		</Attributes>
	</Window>

	<Component>
		<Attributes>
			<Property>
				<Name>Title</Name>
				<Value>UIButtonLabel</Value>
			</Property>

			<Property>
				<Name>Class</Name>
				<Value>UIButtonLabel</Value>
			</Property>
		</Attributes>
	</Component>
</FullComponent>


[main] INFO  Component is Unexpandable
[main] INFO  
[main] INFO  ----------------------------------
[main] INFO  Ripping component: 
[main] INFO  Signature: 
[main] INFO  
<FullComponent>
	<Window>
		<Attributes>
			<Property>
				<Name>Title</Name>
				<Value>Window 1</Value>
			</Property> 
		</Attributes>
	</Window>

	<Component>
		<Attributes>
			<Property>
				<Name>Title</Name>
				<Value>CircleOrSquareView</Value>
			</Property>

			<Property>
				<Name>Class</Name>
				<Value>CircleOrSquareView</Value>
			</Property>
		</Attributes>
	</Component>
</FullComponent>


[main] INFO  Component is Unexpandable
[main] INFO  
[main] INFO  ----------------------------------
[main] INFO  Ripping component: 
[main] INFO  Signature: 
[main] INFO  
<FullComponent>
	<Window>
		<Attributes>
			<Property>
				<Name>Title</Name>
				<Value>Window 1</Value>
			</Property> 
		</Attributes>
	</Window>

	<Component>
		<Attributes>
			<Property>
				<Name>Title</Name>
				<Value>CircleOrSquareView</Value>
			</Property>

			<Property>
				<Name>Class</Name>
				<Value>CircleOrSquareView</Value>
			</Property>
		</Attributes>
	</Component>
</FullComponent>


[main] INFO  Component is Unexpandable
[main] INFO  
[main] INFO  ----------------------------------
[main] INFO  Ripping component: 
[main] INFO  Signature: 
[main] INFO  
<FullComponent>
	<Window>
		<Attributes>
			<Property>
				<Name>Title</Name>
				<Value>Window 1</Value>
			</Property> 
		</Attributes>
	</Window>

	<Component>
		<Attributes>
			<Property>
				<Name>Title</Name>
				<Value>UIRoundedRectButton</Value>
			</Property>

			<Property>
				<Name>Class</Name>
				<Value>UIRoundedRectButton</Value>
			</Property>
		</Attributes>
	</Component>
</FullComponent>


[main] INFO  Expanding *UIRoundedRectButton*...
[main] INFO  Waiting  100ms for a new window to open
[main] INFO  
[main] INFO  ----------------------------------
[main] INFO  Ripping component: 
[main] INFO  Signature: 
[main] INFO  
<FullComponent>
	<Window>
		<Attributes>
			<Property>
				<Name>Title</Name>
				<Value>Window 1</Value>
			</Property> 
		</Attributes>
	</Window>

	<Component>
		<Attributes>
			<Property>
				<Name>Title</Name>
				<Value>UIButtonLabel</Value>
			</Property>

			<Property>
				<Name>Class</Name>
				<Value>UIButtonLabel</Value>
			</Property>
		</Attributes>
	</Component>
</FullComponent>


[main] INFO  Component is Unexpandable
[main] INFO  
[main] INFO  ----------------------------------
[main] INFO  Ripping component: 
[main] INFO  Signature: 
[main] INFO  
<FullComponent>
	<Window>
		<Attributes>
			<Property>
				<Name>Title</Name>
				<Value>Window 1</Value>
			</Property> 
		</Attributes>
	</Window>

	<Component>
		<Attributes>
			<Property>
				<Name>Title</Name>
				<Value>UIRoundedRectButton</Value>
			</Property>

			<Property>
				<Name>Class</Name>
				<Value>UIRoundedRectButton</Value>
			</Property>
		</Attributes>
	</Component>
</FullComponent>


[main] INFO  Expanding *UIRoundedRectButton*...
[main] INFO  Waiting  100ms for a new window to open
[main] INFO  
[main] INFO  ----------------------------------
[main] INFO  Ripping component: 
[main] INFO  Signature: 
[main] INFO  
<FullComponent>
	<Window>
		<Attributes>
			<Property>
				<Name>Title</Name>
				<Value>Window 1</Value>
			</Property> 
		</Attributes>
	</Window>

	<Component>
		<Attributes>
			<Property>
				<Name>Title</Name>
				<Value>UIButtonLabel</Value>
			</Property>

			<Property>
				<Name>Class</Name>
				<Value>UIButtonLabel</Value>
			</Property>
		</Attributes>
	</Component>
</FullComponent>


[main] INFO  Component is Unexpandable
[main] INFO  
[main] INFO  ----------------------------------
[main] INFO  Ripping component: 
[main] INFO  Signature: 
[main] INFO  
<FullComponent>
	<Window>
		<Attributes>
			<Property>
				<Name>Title</Name>
				<Value>Window 1</Value>
			</Property> 
		</Attributes>
	</Window>

	<Component>
		<Attributes>
			<Property>
				<Name>Title</Name>
				<Value>UIRoundedRectButton</Value>
			</Property>

			<Property>
				<Name>Class</Name>
				<Value>UIRoundedRectButton</Value>
			</Property>
		</Attributes>
	</Component>
</FullComponent>


[main] INFO  Expanding *UIRoundedRectButton*...
[main] INFO  Waiting  100ms for a new window to open
[main] INFO  
[main] INFO  ----------------------------------
[main] INFO  Ripping component: 
[main] INFO  Signature: 
[main] INFO  
<FullComponent>
	<Window>
		<Attributes>
			<Property>
				<Name>Title</Name>
				<Value>Window 1</Value>
			</Property> 
		</Attributes>
	</Window>

	<Component>
		<Attributes>
			<Property>
				<Name>Title</Name>
				<Value>UIButtonLabel</Value>
			</Property>

			<Property>
				<Name>Class</Name>
				<Value>UIButtonLabel</Value>
			</Property>
		</Attributes>
	</Component>
</FullComponent>


[main] INFO  Component is Unexpandable
[main] INFO  
[main] INFO  ----------------------------------
[main] INFO  Ripping component: 
[main] INFO  Signature: 
[main] INFO  
<FullComponent>
	<Window>
		<Attributes>
			<Property>
				<Name>Title</Name>
				<Value>Window 1</Value>
			</Property> 
		</Attributes>
	</Window>

	<Component>
		<Attributes>
			<Property>
				<Name>Title</Name>
				<Value>UIRoundedRectButton</Value>
			</Property>

			<Property>
				<Name>Class</Name>
				<Value>UIRoundedRectButton</Value>
			</Property>
		</Attributes>
	</Component>
</FullComponent>


[main] INFO  Expanding *UIRoundedRectButton*...
[main] INFO  Waiting  100ms for a new window to open
[main] INFO  
[main] INFO  ----------------------------------
[main] INFO  Ripping component: 
[main] INFO  Signature: 
[main] INFO  
<FullComponent>
	<Window>
		<Attributes>
			<Property>
				<Name>Title</Name>
				<Value>Window 1</Value>
			</Property> 
		</Attributes>
	</Window>

	<Component>
		<Attributes>
			<Property>
				<Name>Title</Name>
				<Value>UIButtonLabel</Value>
			</Property>

			<Property>
				<Name>Class</Name>
				<Value>UIButtonLabel</Value>
			</Property>
		</Attributes>
	</Component>
</FullComponent>


[main] INFO  Component is Unexpandable
[main] INFO  
[main] INFO  ----------------------------------
[main] INFO  Ripping component: 
[main] INFO  Signature: 
[main] INFO  
<FullComponent>
	<Window>
		<Attributes>
			<Property>
				<Name>Title</Name>
				<Value>Window 1</Value>
			</Property> 
		</Attributes>
	</Window>

	<Component>
		<Attributes>
			<Property>
				<Name>Title</Name>
				<Value>UILabel</Value>
			</Property>

			<Property>
				<Name>Class</Name>
				<Value>UILabel</Value>
			</Property>
		</Attributes>
	</Component>
</FullComponent>


[main] INFO  Component is Unexpandable
[main] INFO  
[main] INFO  ----------------------------------
[main] INFO  Ripping component: 
[main] INFO  Signature: 
[main] INFO  
<FullComponent>
	<Window>
		<Attributes>
			<Property>
				<Name>Title</Name>
				<Value>Window 1</Value>
			</Property> 
		</Attributes>
	</Window>

	<Component>
		<Attributes>
			<Property>
				<Name>Title</Name>
				<Value>UILabel</Value>
			</Property>

			<Property>
				<Name>Class</Name>
				<Value>UILabel</Value>
			</Property>
		</Attributes>
	</Component>
</FullComponent>


[main] INFO  Component is Unexpandable
[main] INFO  
[main] INFO  ----------------------------------
[main] INFO  Ripping component: 
[main] INFO  Signature: 
[main] INFO  
<FullComponent>
	<Window>
		<Attributes>
			<Property>
				<Name>Title</Name>
				<Value>Window 1</Value>
			</Property> 
		</Attributes>
	</Window>

	<Component>
		<Attributes>
			<Property>
				<Name>Title</Name>
				<Value>UILabel</Value>
			</Property>

			<Property>
				<Name>Class</Name>
				<Value>UILabel</Value>
			</Property>
		</Attributes>
	</Component>
</FullComponent>


[main] INFO  Component is Unexpandable
[main] INFO  
[main] INFO  ----------------------------------
[main] INFO  Ripping component: 
[main] INFO  Signature: 
[main] INFO  
<FullComponent>
	<Window>
		<Attributes>
			<Property>
				<Name>Title</Name>
				<Value>Window 1</Value>
			</Property> 
		</Attributes>
	</Window>

	<Component>
		<Attributes>
			<Property>
				<Name>Title</Name>
				<Value>UILabel</Value>
			</Property>

			<Property>
				<Name>Class</Name>
				<Value>UILabel</Value>
			</Property>
		</Attributes>
	</Component>
</FullComponent>


[main] INFO  Component is Unexpandable
[main] INFO  -----------------------------
[main] INFO  OUTPUT SUMARY: 
[main] INFO  Number of Windows: 1
[main] INFO  GUI file:/Users/csnowleopard/guitar/trunk/dist/guitar/iph-aut//Demo/Demo.GUI
[main] INFO  Ripping Elapsed: 00 : 11 : 22: 446
[main] INFO  Log file: /Users/csnowleopard/guitar/trunk/dist/guitar/iph-aut//Demo/Demo.log
