[main] INFO  Testcase: /Users/csnowleopard/guitar/trunk/dist/guitar/iph-aut//Demo/testcases/t_e921760096_e921760158.tst
[main] INFO  Log file: /Users/csnowleopard/guitar/trunk/dist/guitar/iph-aut//Demo/logs/t_e921760096_e921760158.log
[main] INFO  GUI state file: /Users/csnowleopard/guitar/trunk/dist/guitar/iph-aut//Demo/states/t_e921760096_e921760158.sta
[main] INFO  ------ BEGIN TESTCASE -----
Could not listen on port: 8081
Could not listen on port: 8081
[main] INFO  -------- END STEP ---------
[main] INFO  ------- END TESTCASE ------
[main] ERROR General Exception thrown
java.lang.NullPointerException
	at edu.umd.cs.guitar.model.IphCommServer.waitForConnection(IphCommServer.java:51)
	at edu.umd.cs.guitar.model.IphApplication.connect(IphApplication.java:55)
	at edu.umd.cs.guitar.replayer.IphReplayerMonitor.setUp(IphReplayerMonitor.java:109)
	at edu.umd.cs.guitar.replayer.Replayer.execute(Replayer.java:218)
	at edu.umd.cs.guitar.replayer.IphReplayer.execute(IphReplayer.java:161)
	at edu.umd.cs.guitar.replayer.IphReplayerMain.main(IphReplayerMain.java:48)
[main] INFO  Time Elapsed: 00 : 00 : 00: 417
[main] INFO  Testcase: /Users/csnowleopard/guitar/trunk/dist/guitar/iph-aut//Demo/testcases/t_e921760096_e921760158.tst
[main] INFO  Log file: /Users/csnowleopard/guitar/trunk/dist/guitar/iph-aut//Demo/logs/t_e921760096_e921760158.log
[main] INFO  GUI state file: /Users/csnowleopard/guitar/trunk/dist/guitar/iph-aut//Demo/states/t_e921760096_e921760158.sta
